# JRE version: OpenJDK Runtime Environment Temurin-21.0.8+9 (21.0.8+9) (build 21.0.8+9-LTS)
# Java VM: OpenJDK 64-Bit Server VM Temurin-21.0.8+9 (21.0.8+9-LTS, mixed mode, sharing, tiered, compressed oops, compressed class ptrs, parallel gc, windows-amd64)
GC Precious Log:
 CardTable entry size: 512
 CPUs: 12 total, 12 available
 Memory: 7520M
 Large Page Support: Disabled
 NUMA Support: Disabled
 Compressed Oops: Enabled (32-bit)
 Alignments: Space 512K, Generation 512K, Heap 2M
 Heap Min Capacity: 100M
 Heap Initial Capacity: 100M
 Heap Max Capacity: 2G
 Pre-touch: Disabled
 Parallel Workers: 10
Heap:
 PSYoungGen      total 15872K, used 1631K [0x00000000d5580000, 0x00000000d6900000, 0x0000000100000000)
  eden space 12800K, 6% used [0x00000000d5580000,0x00000000d5642ac8,0x00000000d6200000)
  from space 3072K, 27% used [0x00000000d6400000,0x00000000d64d5430,0x00000000d6700000)
  to   space 1536K, 0% used [0x00000000d6780000,0x00000000d6780000,0x00000000d6900000)
 ParOldGen       total 166912K, used 147493K [0x0000000080000000, 0x000000008a300000, 0x00000000d5580000)
  object space 166912K, 88% used [0x0000000080000000,0x00000000890097f8,0x000000008a300000)
 Metaspace       used 76596K, committed 78272K, reserved 1179648K
  class space    used 8039K, committed 8768K, reserved 1048576K
GC Heap History (20 events):
Event: 23.887 GC heap before
{Heap before GC invocations=126 (full 3):
 PSYoungGen      total 15360K, used 15104K [0x00000000d5580000, 0x00000000d6a00000, 0x0000000100000000)
  eden space 13824K, 100% used [0x00000000d5580000,0x00000000d6300000,0x00000000d6300000)
  from space 1536K, 83% used [0x00000000d6880000,0x00000000d69c0000,0x00000000d6a00000)
  to   space 2560K, 0% used [0x00000000d6500000,0x00000000d6500000,0x00000000d6780000)
 ParOldGen       total 166912K, used 131826K [0x0000000080000000, 0x000000008a300000, 0x00000000d5580000)
  object space 166912K, 78% used [0x0000000080000000,0x00000000880bca18,0x000000008a300000)
 Metaspace       used 73076K, committed 74752K, reserved 1179648K
  class space    used 7827K, committed 8512K, reserved 1048576K
}
Event: 23.889 GC heap after
{Heap after GC invocations=126 (full 3):
 PSYoungGen      total 16384K, used 1221K [0x00000000d5580000, 0x00000000d6900000, 0x0000000100000000)
  eden space 13824K, 0% used [0x00000000d5580000,0x00000000d5580000,0x00000000d6300000)
  from space 2560K, 47% used [0x00000000d6500000,0x00000000d6631590,0x00000000d6780000)
  to   space 1536K, 0% used [0x00000000d6780000,0x00000000d6780000,0x00000000d6900000)
 ParOldGen       total 166912K, used 132989K [0x0000000080000000, 0x000000008a300000, 0x00000000d5580000)
  object space 166912K, 79% used [0x0000000080000000,0x00000000881df5c8,0x000000008a300000)
 Metaspace       used 73076K, committed 74752K, reserved 1179648K
  class space    used 7827K, committed 8512K, reserved 1048576K
}
Event: 24.030 GC heap before
{Heap before GC invocations=127 (full 3):
 PSYoungGen      total 16384K, used 15045K [0x00000000d5580000, 0x00000000d6900000, 0x0000000100000000)
  eden space 13824K, 100% used [0x00000000d5580000,0x00000000d6300000,0x00000000d6300000)
  from space 2560K, 47% used [0x00000000d6500000,0x00000000d6631590,0x00000000d6780000)
  to   space 1536K, 0% used [0x00000000d6780000,0x00000000d6780000,0x00000000d6900000)
 ParOldGen       total 166912K, used 132989K [0x0000000080000000, 0x000000008a300000, 0x00000000d5580000)
  object space 166912K, 79% used [0x0000000080000000,0x00000000881df5c8,0x000000008a300000)
 Metaspace       used 73258K, committed 74944K, reserved 1179648K
  class space    used 7835K, committed 8512K, reserved 1048576K
}
Event: 24.033 GC heap after
{Heap after GC invocations=127 (full 3):
 PSYoungGen      total 15360K, used 1536K [0x00000000d5580000, 0x00000000d6a00000, 0x0000000100000000)
  eden space 13824K, 0% used [0x00000000d5580000,0x00000000d5580000,0x00000000d6300000)
  from space 1536K, 100% used [0x00000000d6780000,0x00000000d6900000,0x00000000d6900000)
  to   space 3584K, 0% used [0x00000000d6300000,0x00000000d6300000,0x00000000d6680000)
 ParOldGen       total 166912K, used 134370K [0x0000000080000000, 0x000000008a300000, 0x00000000d5580000)
  object space 166912K, 80% used [0x0000000080000000,0x00000000883388a8,0x000000008a300000)
 Metaspace       used 73258K, committed 74944K, reserved 1179648K
  class space    used 7835K, committed 8512K, reserved 1048576K
}
Event: 24.318 GC heap before
{Heap before GC invocations=128 (full 3):
 PSYoungGen      total 15360K, used 15360K [0x00000000d5580000, 0x00000000d6a00000, 0x0000000100000000)
  eden space 13824K, 100% used [0x00000000d5580000,0x00000000d6300000,0x00000000d6300000)
  from space 1536K, 100% used [0x00000000d6780000,0x00000000d6900000,0x00000000d6900000)
  to   space 3584K, 0% used [0x00000000d6300000,0x00000000d6300000,0x00000000d6680000)
 ParOldGen       total 166912K, used 134370K [0x0000000080000000, 0x000000008a300000, 0x00000000d5580000)
  object space 166912K, 80% used [0x0000000080000000,0x00000000883388a8,0x000000008a300000)
 Metaspace       used 73584K, committed 75200K, reserved 1179648K
  class space    used 7848K, committed 8512K, reserved 1048576K
}
Event: 24.321 GC heap after
{Heap after GC invocations=128 (full 3):
 PSYoungGen      total 15360K, used 1227K [0x00000000d5580000, 0x00000000d6800000, 0x0000000100000000)
  eden space 13824K, 0% used [0x00000000d5580000,0x00000000d5580000,0x00000000d6300000)
  from space 1536K, 79% used [0x00000000d6300000,0x00000000d6432dd8,0x00000000d6480000)
  to   space 2048K, 0% used [0x00000000d6600000,0x00000000d6600000,0x00000000d6800000)
 ParOldGen       total 166912K, used 135896K [0x0000000080000000, 0x000000008a300000, 0x00000000d5580000)
  object space 166912K, 81% used [0x0000000080000000,0x00000000884b61d0,0x000000008a300000)
 Metaspace       used 73584K, committed 75200K, reserved 1179648K
  class space    used 7848K, committed 8512K, reserved 1048576K
}
Event: 24.487 GC heap before
{Heap before GC invocations=129 (full 3):
 PSYoungGen      total 15360K, used 15051K [0x00000000d5580000, 0x00000000d6800000, 0x0000000100000000)
  eden space 13824K, 100% used [0x00000000d5580000,0x00000000d6300000,0x00000000d6300000)
  from space 1536K, 79% used [0x00000000d6300000,0x00000000d6432dd8,0x00000000d6480000)
  to   space 2048K, 0% used [0x00000000d6600000,0x00000000d6600000,0x00000000d6800000)
 ParOldGen       total 166912K, used 135896K [0x0000000080000000, 0x000000008a300000, 0x00000000d5580000)
  object space 166912K, 81% used [0x0000000080000000,0x00000000884b61d0,0x000000008a300000)
 Metaspace       used 73770K, committed 75392K, reserved 1179648K
  class space    used 7848K, committed 8512K, reserved 1048576K
}
Event: 24.490 GC heap after
{Heap after GC invocations=129 (full 3):
 PSYoungGen      total 14848K, used 832K [0x00000000d5580000, 0x00000000d6700000, 0x0000000100000000)
  eden space 13824K, 0% used [0x00000000d5580000,0x00000000d5580000,0x00000000d6300000)
  from space 1024K, 81% used [0x00000000d6600000,0x00000000d66d0000,0x00000000d6700000)
  to   space 1536K, 0% used [0x00000000d6400000,0x00000000d6400000,0x00000000d6580000)
 ParOldGen       total 166912K, used 136998K [0x0000000080000000, 0x000000008a300000, 0x00000000d5580000)
  object space 166912K, 82% used [0x0000000080000000,0x00000000885c99a8,0x000000008a300000)
 Metaspace       used 73770K, committed 75392K, reserved 1179648K
  class space    used 7848K, committed 8512K, reserved 1048576K
}
Event: 25.235 GC heap before
{Heap before GC invocations=130 (full 3):
 PSYoungGen      total 14848K, used 14636K [0x00000000d5580000, 0x00000000d6700000, 0x0000000100000000)
  eden space 13824K, 99% used [0x00000000d5580000,0x00000000d62fb238,0x00000000d6300000)
  from space 1024K, 81% used [0x00000000d6600000,0x00000000d66d0000,0x00000000d6700000)
  to   space 1536K, 0% used [0x00000000d6400000,0x00000000d6400000,0x00000000d6580000)
 ParOldGen       total 166912K, used 136998K [0x0000000080000000, 0x000000008a300000, 0x00000000d5580000)
  object space 166912K, 82% used [0x0000000080000000,0x00000000885c99a8,0x000000008a300000)
 Metaspace       used 74039K, committed 75648K, reserved 1179648K
  class space    used 7881K, committed 8576K, reserved 1048576K
}
Event: 25.240 GC heap after
{Heap after GC invocations=130 (full 3):
 PSYoungGen      total 15360K, used 1463K [0x00000000d5580000, 0x00000000d6700000, 0x0000000100000000)
  eden space 13824K, 0% used [0x00000000d5580000,0x00000000d5580000,0x00000000d6300000)
  from space 1536K, 95% used [0x00000000d6400000,0x00000000d656dc88,0x00000000d6580000)
  to   space 1536K, 0% used [0x00000000d6580000,0x00000000d6580000,0x00000000d6700000)
 ParOldGen       total 166912K, used 137720K [0x0000000080000000, 0x000000008a300000, 0x00000000d5580000)
  object space 166912K, 82% used [0x0000000080000000,0x000000008867e3c8,0x000000008a300000)
 Metaspace       used 74039K, committed 75648K, reserved 1179648K
  class space    used 7881K, committed 8576K, reserved 1048576K
}
Event: 25.601 GC heap before
{Heap before GC invocations=131 (full 3):
 PSYoungGen      total 15360K, used 15287K [0x00000000d5580000, 0x00000000d6700000, 0x0000000100000000)
  eden space 13824K, 100% used [0x00000000d5580000,0x00000000d6300000,0x00000000d6300000)
  from space 1536K, 95% used [0x00000000d6400000,0x00000000d656dc88,0x00000000d6580000)
  to   space 1536K, 0% used [0x00000000d6580000,0x00000000d6580000,0x00000000d6700000)
 ParOldGen       total 166912K, used 137720K [0x0000000080000000, 0x000000008a300000, 0x00000000d5580000)
  object space 166912K, 82% used [0x0000000080000000,0x000000008867e3c8,0x000000008a300000)
 Metaspace       used 74809K, committed 76480K, reserved 1179648K
  class space    used 7914K, committed 8640K, reserved 1048576K
}
Event: 25.605 GC heap after
{Heap after GC invocations=131 (full 3):
 PSYoungGen      total 14336K, used 1536K [0x00000000d5580000, 0x00000000d6a00000, 0x0000000100000000)
  eden space 12800K, 0% used [0x00000000d5580000,0x00000000d5580000,0x00000000d6200000)
  from space 1536K, 100% used [0x00000000d6580000,0x00000000d6700000,0x00000000d6700000)
  to   space 3584K, 0% used [0x00000000d6200000,0x00000000d6200000,0x00000000d6580000)
 ParOldGen       total 166912K, used 139300K [0x0000000080000000, 0x000000008a300000, 0x00000000d5580000)
  object space 166912K, 83% used [0x0000000080000000,0x0000000088809070,0x000000008a300000)
 Metaspace       used 74809K, committed 76480K, reserved 1179648K
  class space    used 7914K, committed 8640K, reserved 1048576K
}
Event: 25.792 GC heap before
{Heap before GC invocations=132 (full 3):
 PSYoungGen      total 14336K, used 14336K [0x00000000d5580000, 0x00000000d6a00000, 0x0000000100000000)
  eden space 12800K, 100% used [0x00000000d5580000,0x00000000d6200000,0x00000000d6200000)
  from space 1536K, 100% used [0x00000000d6580000,0x00000000d6700000,0x00000000d6700000)
  to   space 3584K, 0% used [0x00000000d6200000,0x00000000d6200000,0x00000000d6580000)
 ParOldGen       total 166912K, used 139300K [0x0000000080000000, 0x000000008a300000, 0x00000000d5580000)
  object space 166912K, 83% used [0x0000000080000000,0x0000000088809070,0x000000008a300000)
 Metaspace       used 75358K, committed 77120K, reserved 1179648K
  class space    used 7968K, committed 8704K, reserved 1048576K
}
Event: 25.795 GC heap after
{Heap after GC invocations=132 (full 3):
 PSYoungGen      total 14848K, used 1761K [0x00000000d5580000, 0x00000000d6700000, 0x0000000100000000)
  eden space 12800K, 0% used [0x00000000d5580000,0x00000000d5580000,0x00000000d6200000)
  from space 2048K, 86% used [0x00000000d6200000,0x00000000d63b87b0,0x00000000d6400000)
  to   space 2560K, 0% used [0x00000000d6480000,0x00000000d6480000,0x00000000d6700000)
 ParOldGen       total 166912K, used 140791K [0x0000000080000000, 0x000000008a300000, 0x00000000d5580000)
  object space 166912K, 84% used [0x0000000080000000,0x000000008897dd48,0x000000008a300000)
 Metaspace       used 75358K, committed 77120K, reserved 1179648K
  class space    used 7968K, committed 8704K, reserved 1048576K
}
Event: 26.068 GC heap before
{Heap before GC invocations=133 (full 3):
 PSYoungGen      total 14848K, used 14561K [0x00000000d5580000, 0x00000000d6700000, 0x0000000100000000)
  eden space 12800K, 100% used [0x00000000d5580000,0x00000000d6200000,0x00000000d6200000)
  from space 2048K, 86% used [0x00000000d6200000,0x00000000d63b87b0,0x00000000d6400000)
  to   space 2560K, 0% used [0x00000000d6480000,0x00000000d6480000,0x00000000d6700000)
 ParOldGen       total 166912K, used 140791K [0x0000000080000000, 0x000000008a300000, 0x00000000d5580000)
  object space 166912K, 84% used [0x0000000080000000,0x000000008897dd48,0x000000008a300000)
 Metaspace       used 75780K, committed 77504K, reserved 1179648K
  class space    used 7971K, committed 8704K, reserved 1048576K
}
Event: 26.075 GC heap after
{Heap after GC invocations=133 (full 3):
 PSYoungGen      total 15360K, used 2051K [0x00000000d5580000, 0x00000000d6700000, 0x0000000100000000)
  eden space 12800K, 0% used [0x00000000d5580000,0x00000000d5580000,0x00000000d6200000)
  from space 2560K, 80% used [0x00000000d6480000,0x00000000d6680d58,0x00000000d6700000)
  to   space 2560K, 0% used [0x00000000d6200000,0x00000000d6200000,0x00000000d6480000)
 ParOldGen       total 166912K, used 142365K [0x0000000080000000, 0x000000008a300000, 0x00000000d5580000)
  object space 166912K, 85% used [0x0000000080000000,0x0000000088b07720,0x000000008a300000)
 Metaspace       used 75780K, committed 77504K, reserved 1179648K
  class space    used 7971K, committed 8704K, reserved 1048576K
}
Event: 26.519 GC heap before
{Heap before GC invocations=134 (full 3):
 PSYoungGen      total 15360K, used 14851K [0x00000000d5580000, 0x00000000d6700000, 0x0000000100000000)
  eden space 12800K, 100% used [0x00000000d5580000,0x00000000d6200000,0x00000000d6200000)
  from space 2560K, 80% used [0x00000000d6480000,0x00000000d6680d58,0x00000000d6700000)
  to   space 2560K, 0% used [0x00000000d6200000,0x00000000d6200000,0x00000000d6480000)
 ParOldGen       total 166912K, used 142365K [0x0000000080000000, 0x000000008a300000, 0x00000000d5580000)
  object space 166912K, 85% used [0x0000000080000000,0x0000000088b07720,0x000000008a300000)
 Metaspace       used 75956K, committed 77632K, reserved 1179648K
  class space    used 7977K, committed 8704K, reserved 1048576K
}
Event: 26.523 GC heap after
{Heap after GC invocations=134 (full 3):
 PSYoungGen      total 15360K, used 2556K [0x00000000d5580000, 0x00000000d6f00000, 0x0000000100000000)
  eden space 12800K, 0% used [0x00000000d5580000,0x00000000d5580000,0x00000000d6200000)
  from space 2560K, 99% used [0x00000000d6200000,0x00000000d647f360,0x00000000d6480000)
  to   space 6656K, 0% used [0x00000000d6880000,0x00000000d6880000,0x00000000d6f00000)
 ParOldGen       total 166912K, used 145504K [0x0000000080000000, 0x000000008a300000, 0x00000000d5580000)
  object space 166912K, 87% used [0x0000000080000000,0x0000000088e18230,0x000000008a300000)
 Metaspace       used 75956K, committed 77632K, reserved 1179648K
  class space    used 7977K, committed 8704K, reserved 1048576K
}
Event: 26.807 GC heap before
{Heap before GC invocations=135 (full 3):
 PSYoungGen      total 15360K, used 15356K [0x00000000d5580000, 0x00000000d6f00000, 0x0000000100000000)
  eden space 12800K, 100% used [0x00000000d5580000,0x00000000d6200000,0x00000000d6200000)
  from space 2560K, 99% used [0x00000000d6200000,0x00000000d647f360,0x00000000d6480000)
  to   space 6656K, 0% used [0x00000000d6880000,0x00000000d6880000,0x00000000d6f00000)
 ParOldGen       total 166912K, used 145504K [0x0000000080000000, 0x000000008a300000, 0x00000000d5580000)
  object space 166912K, 87% used [0x0000000080000000,0x0000000088e18230,0x000000008a300000)
 Metaspace       used 75993K, committed 77696K, reserved 1179648K
  class space    used 7979K, committed 8704K, reserved 1048576K
}
Event: 26.811 GC heap after
{Heap after GC invocations=135 (full 3):
 PSYoungGen      total 14336K, used 1216K [0x00000000d5580000, 0x00000000d6a00000, 0x0000000100000000)
  eden space 12800K, 0% used [0x00000000d5580000,0x00000000d5580000,0x00000000d6200000)
  from space 1536K, 79% used [0x00000000d6880000,0x00000000d69b0000,0x00000000d6a00000)
  to   space 3072K, 0% used [0x00000000d6400000,0x00000000d6400000,0x00000000d6700000)
 ParOldGen       total 166912K, used 146781K [0x0000000080000000, 0x000000008a300000, 0x00000000d5580000)
  object space 166912K, 87% used [0x0000000080000000,0x0000000088f577d8,0x000000008a300000)
 Metaspace       used 75993K, committed 77696K, reserved 1179648K
  class space    used 7979K, committed 8704K, reserved 1048576K
}

