# JRE version: OpenJDK Runtime Environment Temurin-21.0.8+9 (21.0.8+9) (build 21.0.8+9-LTS)
# Java VM: OpenJDK 64-Bit Server VM Temurin-21.0.8+9 (21.0.8+9-LTS, mixed mode, sharing, tiered, compressed oops, compressed class ptrs, parallel gc, windows-amd64)
GC Precious Log:
 CardTable entry size: 512
 CPUs: 12 total, 12 available
 Memory: 7520M
 Large Page Support: Disabled
 NUMA Support: Disabled
 Compressed Oops: Enabled (32-bit)
 Alignments: Space 512K, Generation 512K, Heap 2M
 Heap Min Capacity: 100M
 Heap Initial Capacity: 100M
 Heap Max Capacity: 2G
 Pre-touch: Disabled
 Parallel Workers: 10
Heap:
 PSYoungGen      total 4608K, used 1805K [0x00000000d5580000, 0x00000000d5a80000, 0x0000000100000000)
  eden space 4096K, 37% used [0x00000000d5580000,0x00000000d57037a8,0x00000000d5980000)
  from space 512K, 50% used [0x00000000d5a00000,0x00000000d5a40000,0x00000000d5a80000)
  to   space 512K, 0% used [0x00000000d5980000,0x00000000d5980000,0x00000000d5a00000)
 ParOldGen       total 688128K, used 687978K [0x0000000080000000, 0x00000000aa000000, 0x00000000d5580000)
  object space 688128K, 99% used [0x0000000080000000,0x00000000a9fda888,0x00000000aa000000)
 Metaspace       used 76144K, committed 77824K, reserved 1179648K
  class space    used 7842K, committed 8576K, reserved 1048576K
GC Heap History (20 events):
Event: 49.661 GC heap before
{Heap before GC invocations=1297 (full 4):
 PSYoungGen      total 3072K, used 2559K [0x00000000d5580000, 0x00000000d5a00000, 0x0000000100000000)
  eden space 1536K, 99% used [0x00000000d5580000,0x00000000d56fff68,0x00000000d5700000)
  from space 1536K, 66% used [0x00000000d5880000,0x00000000d5980000,0x00000000d5a00000)
  to   space 1536K, 0% used [0x00000000d5700000,0x00000000d5700000,0x00000000d5880000)
 ParOldGen       total 681984K, used 681522K [0x0000000080000000, 0x00000000a9a00000, 0x00000000d5580000)
  object space 681984K, 99% used [0x0000000080000000,0x00000000a998c948,0x00000000a9a00000)
 Metaspace       used 76096K, committed 77760K, reserved 1179648K
  class space    used 7841K, committed 8576K, reserved 1048576K
}
Event: 49.664 GC heap after
{Heap after GC invocations=1297 (full 4):
 PSYoungGen      total 3072K, used 1472K [0x00000000d5580000, 0x00000000d5b80000, 0x0000000100000000)
  eden space 1536K, 0% used [0x00000000d5580000,0x00000000d5580000,0x00000000d5700000)
  from space 1536K, 95% used [0x00000000d5700000,0x00000000d5870000,0x00000000d5880000)
  to   space 2048K, 0% used [0x00000000d5980000,0x00000000d5980000,0x00000000d5b80000)
 ParOldGen       total 682496K, used 682373K [0x0000000080000000, 0x00000000a9a80000, 0x00000000d5580000)
  object space 682496K, 99% used [0x0000000080000000,0x00000000a9a61738,0x00000000a9a80000)
 Metaspace       used 76096K, committed 77760K, reserved 1179648K
  class space    used 7841K, committed 8576K, reserved 1048576K
}
Event: 49.666 GC heap before
{Heap before GC invocations=1298 (full 4):
 PSYoungGen      total 3072K, used 3008K [0x00000000d5580000, 0x00000000d5b80000, 0x0000000100000000)
  eden space 1536K, 100% used [0x00000000d5580000,0x00000000d5700000,0x00000000d5700000)
  from space 1536K, 95% used [0x00000000d5700000,0x00000000d5870000,0x00000000d5880000)
  to   space 2048K, 0% used [0x00000000d5980000,0x00000000d5980000,0x00000000d5b80000)
 ParOldGen       total 682496K, used 682373K [0x0000000080000000, 0x00000000a9a80000, 0x00000000d5580000)
  object space 682496K, 99% used [0x0000000080000000,0x00000000a9a61738,0x00000000a9a80000)
 Metaspace       used 76097K, committed 77760K, reserved 1179648K
  class space    used 7841K, committed 8576K, reserved 1048576K
}
Event: 49.670 GC heap after
{Heap after GC invocations=1298 (full 4):
 PSYoungGen      total 3584K, used 1472K [0x00000000d5580000, 0x00000000d5b00000, 0x0000000100000000)
  eden space 2048K, 0% used [0x00000000d5580000,0x00000000d5580000,0x00000000d5780000)
  from space 1536K, 95% used [0x00000000d5980000,0x00000000d5af0000,0x00000000d5b00000)
  to   space 1536K, 0% used [0x00000000d5800000,0x00000000d5800000,0x00000000d5980000)
 ParOldGen       total 684032K, used 683711K [0x0000000080000000, 0x00000000a9c00000, 0x00000000d5580000)
  object space 684032K, 99% used [0x0000000080000000,0x00000000a9bafd58,0x00000000a9c00000)
 Metaspace       used 76097K, committed 77760K, reserved 1179648K
  class space    used 7841K, committed 8576K, reserved 1048576K
}
Event: 49.696 GC heap before
{Heap before GC invocations=1299 (full 4):
 PSYoungGen      total 3584K, used 3519K [0x00000000d5580000, 0x00000000d5b00000, 0x0000000100000000)
  eden space 2048K, 99% used [0x00000000d5580000,0x00000000d577fff8,0x00000000d5780000)
  from space 1536K, 95% used [0x00000000d5980000,0x00000000d5af0000,0x00000000d5b00000)
  to   space 1536K, 0% used [0x00000000d5800000,0x00000000d5800000,0x00000000d5980000)
 ParOldGen       total 684032K, used 683711K [0x0000000080000000, 0x00000000a9c00000, 0x00000000d5580000)
  object space 684032K, 99% used [0x0000000080000000,0x00000000a9bafd58,0x00000000a9c00000)
 Metaspace       used 76114K, committed 77760K, reserved 1179648K
  class space    used 7842K, committed 8576K, reserved 1048576K
}
Event: 49.700 GC heap after
{Heap after GC invocations=1299 (full 4):
 PSYoungGen      total 4096K, used 896K [0x00000000d5580000, 0x00000000d5b00000, 0x0000000100000000)
  eden space 2560K, 0% used [0x00000000d5580000,0x00000000d5580000,0x00000000d5800000)
  from space 1536K, 58% used [0x00000000d5800000,0x00000000d58e0000,0x00000000d5980000)
  to   space 1536K, 0% used [0x00000000d5980000,0x00000000d5980000,0x00000000d5b00000)
 ParOldGen       total 685568K, used 685057K [0x0000000080000000, 0x00000000a9d80000, 0x00000000d5580000)
  object space 685568K, 99% used [0x0000000080000000,0x00000000a9d00678,0x00000000a9d80000)
 Metaspace       used 76114K, committed 77760K, reserved 1179648K
  class space    used 7842K, committed 8576K, reserved 1048576K
}
Event: 49.723 GC heap before
{Heap before GC invocations=1300 (full 4):
 PSYoungGen      total 4096K, used 3137K [0x00000000d5580000, 0x00000000d5b00000, 0x0000000100000000)
  eden space 2560K, 87% used [0x00000000d5580000,0x00000000d57b0768,0x00000000d5800000)
  from space 1536K, 58% used [0x00000000d5800000,0x00000000d58e0000,0x00000000d5980000)
  to   space 1536K, 0% used [0x00000000d5980000,0x00000000d5980000,0x00000000d5b00000)
 ParOldGen       total 685568K, used 685057K [0x0000000080000000, 0x00000000a9d80000, 0x00000000d5580000)
  object space 685568K, 99% used [0x0000000080000000,0x00000000a9d00678,0x00000000a9d80000)
 Metaspace       used 76114K, committed 77760K, reserved 1179648K
  class space    used 7842K, committed 8576K, reserved 1048576K
}
Event: 49.726 GC heap after
{Heap after GC invocations=1300 (full 4):
 PSYoungGen      total 3584K, used 224K [0x00000000d5580000, 0x00000000d5a00000, 0x0000000100000000)
  eden space 3072K, 0% used [0x00000000d5580000,0x00000000d5580000,0x00000000d5880000)
  from space 512K, 43% used [0x00000000d5980000,0x00000000d59b8000,0x00000000d5a00000)
  to   space 512K, 0% used [0x00000000d5900000,0x00000000d5900000,0x00000000d5980000)
 ParOldGen       total 686080K, used 685857K [0x0000000080000000, 0x00000000a9e00000, 0x00000000d5580000)
  object space 686080K, 99% used [0x0000000080000000,0x00000000a9dc8678,0x00000000a9e00000)
 Metaspace       used 76114K, committed 77760K, reserved 1179648K
  class space    used 7842K, committed 8576K, reserved 1048576K
}
Event: 49.767 GC heap before
{Heap before GC invocations=1301 (full 4):
 PSYoungGen      total 3584K, used 3296K [0x00000000d5580000, 0x00000000d5a00000, 0x0000000100000000)
  eden space 3072K, 100% used [0x00000000d5580000,0x00000000d5880000,0x00000000d5880000)
  from space 512K, 43% used [0x00000000d5980000,0x00000000d59b8000,0x00000000d5a00000)
  to   space 512K, 0% used [0x00000000d5900000,0x00000000d5900000,0x00000000d5980000)
 ParOldGen       total 686080K, used 685857K [0x0000000080000000, 0x00000000a9e00000, 0x00000000d5580000)
  object space 686080K, 99% used [0x0000000080000000,0x00000000a9dc8678,0x00000000a9e00000)
 Metaspace       used 76114K, committed 77760K, reserved 1179648K
  class space    used 7842K, committed 8576K, reserved 1048576K
}
Event: 49.769 GC heap after
{Heap after GC invocations=1301 (full 4):
 PSYoungGen      total 4096K, used 288K [0x00000000d5580000, 0x00000000d5a80000, 0x0000000100000000)
  eden space 3584K, 0% used [0x00000000d5580000,0x00000000d5580000,0x00000000d5900000)
  from space 512K, 56% used [0x00000000d5900000,0x00000000d5948000,0x00000000d5980000)
  to   space 512K, 0% used [0x00000000d5a00000,0x00000000d5a00000,0x00000000d5a80000)
 ParOldGen       total 686080K, used 685913K [0x0000000080000000, 0x00000000a9e00000, 0x00000000d5580000)
  object space 686080K, 99% used [0x0000000080000000,0x00000000a9dd6678,0x00000000a9e00000)
 Metaspace       used 76114K, committed 77760K, reserved 1179648K
  class space    used 7842K, committed 8576K, reserved 1048576K
}
Event: 49.795 GC heap before
{Heap before GC invocations=1302 (full 4):
 PSYoungGen      total 4096K, used 3872K [0x00000000d5580000, 0x00000000d5a80000, 0x0000000100000000)
  eden space 3584K, 100% used [0x00000000d5580000,0x00000000d5900000,0x00000000d5900000)
  from space 512K, 56% used [0x00000000d5900000,0x00000000d5948000,0x00000000d5980000)
  to   space 512K, 0% used [0x00000000d5a00000,0x00000000d5a00000,0x00000000d5a80000)
 ParOldGen       total 686080K, used 685913K [0x0000000080000000, 0x00000000a9e00000, 0x00000000d5580000)
  object space 686080K, 99% used [0x0000000080000000,0x00000000a9dd6678,0x00000000a9e00000)
 Metaspace       used 76114K, committed 77760K, reserved 1179648K
  class space    used 7842K, committed 8576K, reserved 1048576K
}
Event: 49.797 GC heap after
{Heap after GC invocations=1302 (full 4):
 PSYoungGen      total 4608K, used 420K [0x00000000d5580000, 0x00000000d5b00000, 0x0000000100000000)
  eden space 4096K, 0% used [0x00000000d5580000,0x00000000d5580000,0x00000000d5980000)
  from space 512K, 82% used [0x00000000d5a00000,0x00000000d5a691f8,0x00000000d5a80000)
  to   space 512K, 0% used [0x00000000d5980000,0x00000000d5980000,0x00000000d5a00000)
 ParOldGen       total 686080K, used 685961K [0x0000000080000000, 0x00000000a9e00000, 0x00000000d5580000)
  object space 686080K, 99% used [0x0000000080000000,0x00000000a9de2678,0x00000000a9e00000)
 Metaspace       used 76114K, committed 77760K, reserved 1179648K
  class space    used 7842K, committed 8576K, reserved 1048576K
}
Event: 50.106 GC heap before
{Heap before GC invocations=1303 (full 4):
 PSYoungGen      total 4608K, used 4516K [0x00000000d5580000, 0x00000000d5b00000, 0x0000000100000000)
  eden space 4096K, 100% used [0x00000000d5580000,0x00000000d5980000,0x00000000d5980000)
  from space 512K, 82% used [0x00000000d5a00000,0x00000000d5a691f8,0x00000000d5a80000)
  to   space 512K, 0% used [0x00000000d5980000,0x00000000d5980000,0x00000000d5a00000)
 ParOldGen       total 686080K, used 685961K [0x0000000080000000, 0x00000000a9e00000, 0x00000000d5580000)
  object space 686080K, 99% used [0x0000000080000000,0x00000000a9de2678,0x00000000a9e00000)
 Metaspace       used 76119K, committed 77760K, reserved 1179648K
  class space    used 7842K, committed 8576K, reserved 1048576K
}
Event: 50.107 GC heap after
{Heap after GC invocations=1303 (full 4):
 PSYoungGen      total 4608K, used 320K [0x00000000d5580000, 0x00000000d5a80000, 0x0000000100000000)
  eden space 4096K, 0% used [0x00000000d5580000,0x00000000d5580000,0x00000000d5980000)
  from space 512K, 62% used [0x00000000d5980000,0x00000000d59d0000,0x00000000d5a00000)
  to   space 512K, 0% used [0x00000000d5a00000,0x00000000d5a00000,0x00000000d5a80000)
 ParOldGen       total 686080K, used 686033K [0x0000000080000000, 0x00000000a9e00000, 0x00000000d5580000)
  object space 686080K, 99% used [0x0000000080000000,0x00000000a9df4678,0x00000000a9e00000)
 Metaspace       used 76119K, committed 77760K, reserved 1179648K
  class space    used 7842K, committed 8576K, reserved 1048576K
}
Event: 50.123 GC heap before
{Heap before GC invocations=1304 (full 4):
 PSYoungGen      total 4608K, used 4382K [0x00000000d5580000, 0x00000000d5a80000, 0x0000000100000000)
  eden space 4096K, 99% used [0x00000000d5580000,0x00000000d5977a50,0x00000000d5980000)
  from space 512K, 62% used [0x00000000d5980000,0x00000000d59d0000,0x00000000d5a00000)
  to   space 512K, 0% used [0x00000000d5a00000,0x00000000d5a00000,0x00000000d5a80000)
 ParOldGen       total 686080K, used 686033K [0x0000000080000000, 0x00000000a9e00000, 0x00000000d5580000)
  object space 686080K, 99% used [0x0000000080000000,0x00000000a9df4678,0x00000000a9e00000)
 Metaspace       used 76142K, committed 77824K, reserved 1179648K
  class space    used 7842K, committed 8576K, reserved 1048576K
}
Event: 50.125 GC heap after
{Heap after GC invocations=1304 (full 4):
 PSYoungGen      total 4608K, used 320K [0x00000000d5580000, 0x00000000d5a80000, 0x0000000100000000)
  eden space 4096K, 0% used [0x00000000d5580000,0x00000000d5580000,0x00000000d5980000)
  from space 512K, 62% used [0x00000000d5a00000,0x00000000d5a50000,0x00000000d5a80000)
  to   space 512K, 0% used [0x00000000d5980000,0x00000000d5980000,0x00000000d5a00000)
 ParOldGen       total 688128K, used 687802K [0x0000000080000000, 0x00000000aa000000, 0x00000000d5580000)
  object space 688128K, 99% used [0x0000000080000000,0x00000000a9fae888,0x00000000aa000000)
 Metaspace       used 76142K, committed 77824K, reserved 1179648K
  class space    used 7842K, committed 8576K, reserved 1048576K
}
Event: 50.149 GC heap before
{Heap before GC invocations=1305 (full 4):
 PSYoungGen      total 4608K, used 4416K [0x00000000d5580000, 0x00000000d5a80000, 0x0000000100000000)
  eden space 4096K, 100% used [0x00000000d5580000,0x00000000d5980000,0x00000000d5980000)
  from space 512K, 62% used [0x00000000d5a00000,0x00000000d5a50000,0x00000000d5a80000)
  to   space 512K, 0% used [0x00000000d5980000,0x00000000d5980000,0x00000000d5a00000)
 ParOldGen       total 688128K, used 687802K [0x0000000080000000, 0x00000000aa000000, 0x00000000d5580000)
  object space 688128K, 99% used [0x0000000080000000,0x00000000a9fae888,0x00000000aa000000)
 Metaspace       used 76142K, committed 77824K, reserved 1179648K
  class space    used 7842K, committed 8576K, reserved 1048576K
}
Event: 50.150 GC heap after
{Heap after GC invocations=1305 (full 4):
 PSYoungGen      total 4608K, used 352K [0x00000000d5580000, 0x00000000d5a80000, 0x0000000100000000)
  eden space 4096K, 0% used [0x00000000d5580000,0x00000000d5580000,0x00000000d5980000)
  from space 512K, 68% used [0x00000000d5980000,0x00000000d59d8230,0x00000000d5a00000)
  to   space 512K, 0% used [0x00000000d5a00000,0x00000000d5a00000,0x00000000d5a80000)
 ParOldGen       total 688128K, used 687906K [0x0000000080000000, 0x00000000aa000000, 0x00000000d5580000)
  object space 688128K, 99% used [0x0000000080000000,0x00000000a9fc8888,0x00000000aa000000)
 Metaspace       used 76142K, committed 77824K, reserved 1179648K
  class space    used 7842K, committed 8576K, reserved 1048576K
}
Event: 50.306 GC heap before
{Heap before GC invocations=1306 (full 4):
 PSYoungGen      total 4608K, used 4448K [0x00000000d5580000, 0x00000000d5a80000, 0x0000000100000000)
  eden space 4096K, 100% used [0x00000000d5580000,0x00000000d5980000,0x00000000d5980000)
  from space 512K, 68% used [0x00000000d5980000,0x00000000d59d8230,0x00000000d5a00000)
  to   space 512K, 0% used [0x00000000d5a00000,0x00000000d5a00000,0x00000000d5a80000)
 ParOldGen       total 688128K, used 687906K [0x0000000080000000, 0x00000000aa000000, 0x00000000d5580000)
  object space 688128K, 99% used [0x0000000080000000,0x00000000a9fc8888,0x00000000aa000000)
 Metaspace       used 76142K, committed 77824K, reserved 1179648K
  class space    used 7842K, committed 8576K, reserved 1048576K
}
Event: 50.308 GC heap after
{Heap after GC invocations=1306 (full 4):
 PSYoungGen      total 4608K, used 256K [0x00000000d5580000, 0x00000000d5a80000, 0x0000000100000000)
  eden space 4096K, 0% used [0x00000000d5580000,0x00000000d5580000,0x00000000d5980000)
  from space 512K, 50% used [0x00000000d5a00000,0x00000000d5a40000,0x00000000d5a80000)
  to   space 512K, 0% used [0x00000000d5980000,0x00000000d5980000,0x00000000d5a00000)
 ParOldGen       total 688128K, used 687978K [0x0000000080000000, 0x00000000aa000000, 0x00000000d5580000)
  object space 688128K, 99% used [0x0000000080000000,0x00000000a9fda888,0x00000000aa000000)
 Metaspace       used 76142K, committed 77824K, reserved 1179648K
  class space    used 7842K, committed 8576K, reserved 1048576K
}

